
> vibe-generated-app@1.0.0 dev
> vite


  VITE v5.4.20  ready in 204 ms

  ➜  Local:   http://localhost:3000/
  ➜  Network: http://172.20.53.103:3000/
5:18:56 AM [vite] Pre-transform error: Transform failed with 1 error:
/home/workspace/src/App.jsx:21:23: ERROR: Unterminated string literal
5:18:58 AM [vite] Internal server error: Transform failed with 1 error:
/home/workspace/src/App.jsx:21:23: ERROR: Unterminated string literal
  Plugin: vite:esbuild
  File: /home/workspace/src/App.jsx:21:23
  
  Unterminated string literal
  19 |              </filter>\
  20 |              <rect width=\'100%\' height=\'100%\' filter=\'url(%23n)\' opacity=\'0.35\'/>\
  21 |            </svg>'"}} />
     |                         ^
  22 |        </div>
  23 |  
  
      at failureErrorWithLog (/home/workspace/node_modules/esbuild/lib/main.js:1472:15)
      at /home/workspace/node_modules/esbuild/lib/main.js:755:50
      at responseCallbacks.<computed> (/home/workspace/node_modules/esbuild/lib/main.js:622:9)
      at handleIncomingPacket (/home/workspace/node_modules/esbuild/lib/main.js:677:12)
      at Socket.readFromStdout (/home/workspace/node_modules/esbuild/lib/main.js:600:7)
      at Socket.emit (node:events:508:28)
      at addChunk (node:internal/streams/readable:559:12)
      at readableAddChunkPushByteMode (node:internal/streams/readable:510:3)
      at Readable.push (node:internal/streams/readable:390:5)
      at Pipe.onStreamRead (node:internal/stream_base_commons:189:23)
5:19:19 AM [vite] Internal server error: Transform failed with 1 error:
/home/workspace/src/App.jsx:21:23: ERROR: Unterminated string literal
  Plugin: vite:esbuild
  File: /home/workspace/src/App.jsx:21:23
  
  Unterminated string literal
  19 |              </filter>\
  20 |              <rect width=\'100%\' height=\'100%\' filter=\'url(%23n)\' opacity=\'0.35\'/>\
  21 |            </svg>'"}} />
     |                         ^
  22 |        </div>
  23 |  
  
      at failureErrorWithLog (/home/workspace/node_modules/esbuild/lib/main.js:1472:15)
      at /home/workspace/node_modules/esbuild/lib/main.js:755:50
      at responseCallbacks.<computed> (/home/workspace/node_modules/esbuild/lib/main.js:622:9)
      at handleIncomingPacket (/home/workspace/node_modules/esbuild/lib/main.js:677:12)
      at Socket.readFromStdout (/home/workspace/node_modules/esbuild/lib/main.js:600:7)
      at Socket.emit (node:events:508:28)
      at addChunk (node:internal/streams/readable:559:12)
      at readableAddChunkPushByteMode (node:internal/streams/readable:510:3)
      at Readable.push (node:internal/streams/readable:390:5)
      at Pipe.onStreamRead (node:internal/stream_base_commons:189:23)
